Arguments: 
  /home/i36973/.nvm/versions/node/v14.20.0/bin/node /usr/share/yarn/bin/yarn.js install

PATH: 
  /home/i36973/.vscode-server/bin/5235c6bb189b60b01b1f49062f4ffa42384f8c91/bin/remote-cli:/home/i36973/.nvm/versions/node/v14.20.0/bin:/usr/local/sbin:/usr/local/bin:/usr/sbin:/usr/bin:/sbin:/bin:/usr/games:/usr/local/games:/usr/lib/wsl/lib:/mnt/c/WINDOWS/system32:/mnt/c/WINDOWS:/mnt/c/WINDOWS/System32/Wbem:/mnt/c/WINDOWS/System32/WindowsPowerShell/v1.0/:/mnt/c/WINDOWS/System32/OpenSSH/:/mnt/c/Program Files/dotnet/:/mnt/c/Users/I36973/AppData/Local/Microsoft/WindowsApps:/mnt/c/Users/I36973/AppData/Local/Programs/Microsoft VS Code/bin:/snap/bin

Yarn version: 
  1.22.19

Node version: 
  14.20.0

Platform: 
  linux x64

Trace: 
  Error: unable to get local issuer certificate
      at TLSSocket.onConnectSecure (_tls_wrap.js:1515:34)
      at TLSSocket.emit (events.js:400:28)
      at TLSSocket._finishInit (_tls_wrap.js:937:8)
      at TLSWrap.ssl.onhandshakedone (_tls_wrap.js:709:12)

npm manifest: 
  {
    "name": "graphql-ts-example",
    "version": "1.0.0",
    "description": "",
    "main": "index.js",
    "scripts": {
      "start graphql": "nodemon --exec ts-node src/index.ts"
    },
    "keywords": [],
    "author": "",
    "license": "ISC",
    "dependencies": {
      "express": "^4.18.1",
      "express-graphql": "^0.12.0",
      "graphql": "^16.6.0"
    },
    "devDependencies": {
      "@types/express": "^4.17.14",
      "nodemon": "^2.0.20",
      "ts-node": "^10.9.1",
      "typescript": "^4.8.4"
    }
  }

yarn manifest: 
  No manifest

Lockfile: 
  No lockfile
